<?xml version="1.0" encoding="UTF-8"?>
<testng-results skipped="0" failed="0" total="2" passed="2">
  <reporter-output>
  </reporter-output>
  <suite name="Suite" duration-ms="21664" started-at="2019-01-11T09:17:48Z" finished-at="2019-01-11T09:18:10Z">
    <groups>
    </groups>
    <test name="Test2" duration-ms="16447" started-at="2019-01-11T09:17:48Z" finished-at="2019-01-11T09:18:05Z">
      <class name="com.tests.LoginPageTest">
        <test-method status="PASS" signature="initialization(java.lang.String)[pri:0, instance:com.tests.LoginPageTest@598067a5]" name="initialization" is-config="true" duration-ms="9729" started-at="2019-01-11T14:47:48Z" finished-at="2019-01-11T14:47:58Z">
          <params>
            <param index="0">
              <value>
                <![CDATA[firefox]]>
              </value>
            </param>
          </params>
          <reporter-output>
          </reporter-output>
        </test-method> <!-- initialization -->
        <test-method status="PASS" signature="LoginPageTitle(java.lang.String, java.lang.String)[pri:0, instance:com.tests.LoginPageTest@598067a5]" name="LoginPageTitle" duration-ms="5161" started-at="2019-01-11T14:47:58Z" data-provider="getCRMTestData" finished-at="2019-01-11T14:48:03Z">
          <params>
            <param index="0">
              <value>
                <![CDATA[lilesh]]>
              </value>
            </param>
            <param index="1">
              <value>
                <![CDATA[123456.0]]>
              </value>
            </param>
          </params>
          <reporter-output>
          </reporter-output>
        </test-method> <!-- LoginPageTitle -->
        <test-method status="PASS" signature="tearDown()[pri:0, instance:com.tests.LoginPageTest@598067a5]" name="tearDown" is-config="true" duration-ms="1530" started-at="2019-01-11T14:48:03Z" finished-at="2019-01-11T14:48:05Z">
          <reporter-output>
          </reporter-output>
        </test-method> <!-- tearDown -->
      </class> <!-- com.tests.LoginPageTest -->
    </test> <!-- Test2 -->
    <test name="Test1" duration-ms="21664" started-at="2019-01-11T09:17:48Z" finished-at="2019-01-11T09:18:10Z">
      <class name="com.tests.LoginPageTest">
        <test-method status="PASS" signature="initialization(java.lang.String)[pri:0, instance:com.tests.LoginPageTest@66a3ffec]" name="initialization" is-config="true" duration-ms="8959" started-at="2019-01-11T14:47:48Z" finished-at="2019-01-11T14:47:57Z">
          <params>
            <param index="0">
              <value>
                <![CDATA[Chrome]]>
              </value>
            </param>
          </params>
          <reporter-output>
          </reporter-output>
        </test-method> <!-- initialization -->
        <test-method status="PASS" signature="LoginPageTitle(java.lang.String, java.lang.String)[pri:0, instance:com.tests.LoginPageTest@66a3ffec]" name="LoginPageTitle" duration-ms="5183" started-at="2019-01-11T14:47:58Z" data-provider="getCRMTestData" finished-at="2019-01-11T14:48:03Z">
          <params>
            <param index="0">
              <value>
                <![CDATA[lilesh]]>
              </value>
            </param>
            <param index="1">
              <value>
                <![CDATA[123456.0]]>
              </value>
            </param>
          </params>
          <reporter-output>
          </reporter-output>
        </test-method> <!-- LoginPageTitle -->
        <test-method status="PASS" signature="tearDown()[pri:0, instance:com.tests.LoginPageTest@66a3ffec]" name="tearDown" is-config="true" duration-ms="7052" started-at="2019-01-11T14:48:03Z" finished-at="2019-01-11T14:48:10Z">
          <reporter-output>
          </reporter-output>
        </test-method> <!-- tearDown -->
      </class> <!-- com.tests.LoginPageTest -->
    </test> <!-- Test1 -->
  </suite> <!-- Suite -->
</testng-results>
